<?xml version="1.0" encoding="UTF-8"?>
<!-- Generated by org.testng.reporters.JUnitReportReporter -->
<testsuite hostname="LAPTOP-IC2UTOO6" failures="0" tests="1" name="prajktaPrj.Checkout" time="26.030" errors="0" timestamp="2023-10-17T23:52:56 IST" skipped="0">
  <testcase classname="prajktaPrj.Checkout" name="Checkout" time="26.030"/>
  <system-out/>
</testsuite> <!-- prajktaPrj.Checkout -->
