<?xml version="1.0" encoding="UTF-8"?>
<!-- Generated by org.testng.reporters.JUnitReportReporter -->
<testsuite hostname="LAPTOP-IC2UTOO6" failures="0" tests="1" name="prajktaPrj.welcome" time="2.851" errors="0" timestamp="2023-10-17T22:34:12 IST" skipped="0">
  <testcase classname="prajktaPrj.welcome" name="login" time="2.851"/>
  <system-out/>
</testsuite> <!-- prajktaPrj.welcome -->
