<?xml version="1.0" encoding="UTF-8"?>
<!-- Generated by org.testng.reporters.JUnitReportReporter -->
<testsuite hostname="LAPTOP-IC2UTOO6" failures="0" tests="1" name="prajktaPrj.Search" time="1.122" errors="0" timestamp="2023-10-17T22:34:59 IST" skipped="0">
  <testcase classname="prajktaPrj.Search" name="search" time="1.122"/>
  <system-out/>
</testsuite> <!-- prajktaPrj.Search -->
