<?xml version="1.0" encoding="UTF-8"?>
<!-- Generated by org.testng.reporters.JUnitReportReporter -->
<testsuite hostname="LAPTOP-IC2UTOO6" failures="0" tests="1" name="prajktaPrj.AddCart" time="3.553" errors="0" timestamp="2023-10-17T22:35:30 IST" skipped="0">
  <testcase classname="prajktaPrj.AddCart" name="AddCart" time="3.553"/>
  <system-out/>
</testsuite> <!-- prajktaPrj.AddCart -->
